<?xml version="1.0" encoding="UTF-8"?>
<testng-results ignored="0" total="1" passed="1" failed="0" skipped="0">
  <reporter-output>
  </reporter-output>
  <suite started-at="2025-07-21T21:03:24 IST" name="Default suite" finished-at="2025-07-21T21:03:28 IST" duration-ms="4149">
    <groups>
    </groups>
    <test started-at="2025-07-21T21:03:24 IST" name="Default test" finished-at="2025-07-21T21:03:28 IST" duration-ms="4149">
      <class name="apiTests.UserApiTest">
        <test-method signature="getUserDetails(java.lang.reflect.Method)[pri:0, instance:apiTests.UserApiTest@41a0aa7d]" started-at="2025-07-21T21:03:24 IST" name="getUserDetails" finished-at="2025-07-21T21:03:28 IST" duration-ms="4076" status="PASS">
          <params>
            <param index="0">
              <value>
                <![CDATA[public void apiTests.UserApiTest.getUserDetails(java.lang.reflect.Method)]]>
              </value>
            </param>
          </params>
          <reporter-output>
          </reporter-output>
        </test-method> <!-- getUserDetails -->
      </class> <!-- apiTests.UserApiTest -->
    </test> <!-- Default test -->
  </suite> <!-- Default suite -->
</testng-results>
